\BOOKMARK [1][-]{section.1}{Introduction}{}% 1
\BOOKMARK [2][-]{subsection.1.1}{What is the purpose of this project?}{section.1}% 2
\BOOKMARK [2][-]{subsection.1.2}{What is CMaker?}{section.1}% 3
\BOOKMARK [2][-]{subsection.1.3}{Further functions}{section.1}% 4
\BOOKMARK [1][-]{section.2}{User Guide}{}% 5
\BOOKMARK [2][-]{subsection.2.1}{Start page}{section.2}% 6
\BOOKMARK [3][-]{subsubsection.2.1.1}{Recents Bar}{subsection.2.1}% 7
\BOOKMARK [3][-]{subsubsection.2.1.2}{Open Button}{subsection.2.1}% 8
\BOOKMARK [3][-]{subsubsection.2.1.3}{Create Button}{subsection.2.1}% 9
\BOOKMARK [3][-]{subsubsection.2.1.4}{Settings Wheel}{subsection.2.1}% 10
\BOOKMARK [3][-]{subsubsection.2.1.5}{Delete Button}{subsection.2.1}% 11
\BOOKMARK [2][-]{subsection.2.2}{Settings}{section.2}% 12
\BOOKMARK [3][-]{subsubsection.2.2.1}{Home Path}{subsection.2.2}% 13
\BOOKMARK [3][-]{subsubsection.2.2.2}{License}{subsection.2.2}% 14
\BOOKMARK [3][-]{subsubsection.2.2.3}{Version}{subsection.2.2}% 15
\BOOKMARK [2][-]{subsection.2.3}{Create Project}{section.2}% 16
\BOOKMARK [3][-]{subsubsection.2.3.1}{Name}{subsection.2.3}% 17
\BOOKMARK [3][-]{subsubsection.2.3.2}{Generate Template File}{subsection.2.3}% 18
\BOOKMARK [3][-]{subsubsection.2.3.3}{Enable Unit Tests}{subsection.2.3}% 19
\BOOKMARK [3][-]{subsubsection.2.3.4}{Path}{subsection.2.3}% 20
\BOOKMARK [2][-]{subsection.2.4}{Open Project}{section.2}% 21
\BOOKMARK [2][-]{subsection.2.5}{Project Manager}{section.2}% 22
\BOOKMARK [3][-]{subsubsection.2.5.1}{Make Button}{subsection.2.5}% 23
\BOOKMARK [3][-]{subsubsection.2.5.2}{Build Button}{subsection.2.5}% 24
\BOOKMARK [3][-]{subsubsection.2.5.3}{CMakeLists Button}{subsection.2.5}% 25
\BOOKMARK [3][-]{subsubsection.2.5.4}{External Button}{subsection.2.5}% 26
\BOOKMARK [3][-]{subsubsection.2.5.5}{Add Source File}{subsection.2.5}% 27
\BOOKMARK [3][-]{subsubsection.2.5.6}{Add Test File}{subsection.2.5}% 28
\BOOKMARK [2][-]{subsection.2.6}{ShortCuts}{section.2}% 29
\BOOKMARK [3][-]{subsubsection.2.6.1}{Start Page}{subsection.2.6}% 30
\BOOKMARK [2][-]{subsection.2.7}{Project Manager}{section.2}% 31
\BOOKMARK [2][-]{subsection.2.8}{License}{section.2}% 32
\BOOKMARK [1][-]{section.3}{API}{}% 33
\BOOKMARK [2][-]{subsection.3.1}{Classes}{section.3}% 34
\BOOKMARK [3][-]{subsubsection.3.1.1}{Project}{subsection.3.1}% 35
\BOOKMARK [3][-]{subsubsection.3.1.2}{Maker}{subsection.3.1}% 36
\BOOKMARK [2][-]{subsection.3.2}{Helper Classes}{section.3}% 37
\BOOKMARK [3][-]{subsubsection.3.2.1}{CSVHandler}{subsection.3.2}% 38
\BOOKMARK [3][-]{subsubsection.3.2.2}{FXHelper}{subsection.3.2}% 39
\BOOKMARK [3][-]{subsubsection.3.2.3}{CMKeys}{subsection.3.2}% 40
\BOOKMARK [3][-]{subsubsection.3.2.4}{Setting}{subsection.3.2}% 41
\BOOKMARK [2][-]{subsection.3.3}{UML}{section.3}% 42
